Using pre-set license
Built from '2020.3/staging' branch; Version is '2020.3.4f1 (0abb6314276a) revision 703331'; Using compiler version '192528614'; Build Type 'Release'
OS: 'Windows 10 Home; OS build 19041.867; Version 2004; 64bit' Language: 'en' Physical Memory: 16218 MB
BatchMode: 1, IsHumanControllingUs: 0, StartBugReporterOnCrash: 0, Is64bit: 1, IsPro: 0

 COMMAND LINE ARGUMENTS:
C:\Program Files\Unity\Hub\Editor\2020.3.4f1\Editor\Unity.exe
-adb2
-batchMode
-noUpm
-name
AssetImportWorker0
-projectPath
C:/Users/Spoopy on Wheels/Desktop/Launched
-logFile
Logs/AssetImportWorker0.log
-srvPort
61325
Successfully changed project path to: C:/Users/Spoopy on Wheels/Desktop/Launched
C:/Users/Spoopy on Wheels/Desktop/Launched
Using Asset Import Pipeline V2.
Refreshing native plugins compatible for Editor in 61.34 ms, found 0 plugins.
Preloading 0 native plugins for Editor in 0.00 ms.
Initialize engine version: 2020.3.4f1 (0abb6314276a)
[Subsystems] Discovering subsystems at path C:/Program Files/Unity/Hub/Editor/2020.3.4f1/Editor/Data/Resources/UnitySubsystems
[Subsystems] Discovering subsystems at path C:/Users/Spoopy on Wheels/Desktop/Launched/Assets
GfxDevice: creating device client; threaded=0
Direct3D:
    Version:  Direct3D 11.0 [level 11.1]
    Renderer: Intel(R) UHD Graphics 620 (ID=0x5917)
    Vendor:   
    VRAM:     8109 MB
    Driver:   26.20.100.7263
Initialize mono
Mono path[0] = 'C:/Program Files/Unity/Hub/Editor/2020.3.4f1/Editor/Data/Managed'
Mono path[1] = 'C:/Program Files/Unity/Hub/Editor/2020.3.4f1/Editor/Data/MonoBleedingEdge/lib/mono/unityjit'
Mono config path = 'C:/Program Files/Unity/Hub/Editor/2020.3.4f1/Editor/Data/MonoBleedingEdge/etc'
Using monoOptions --debugger-agent=transport=dt_socket,embedding=1,server=y,suspend=n,address=127.0.0.1:56632
Begin MonoManager ReloadAssembly
Registering precompiled unity dll's ...
Register platform support module: C:/Program Files/Unity/Hub/Editor/2020.3.4f1/Editor/Data/PlaybackEngines/WindowsStandaloneSupport/UnityEditor.WindowsStandalone.Extensions.dll
Registered in 0.003295 seconds.
Native extension for WindowsStandalone target not found
Refreshing native plugins compatible for Editor in 111.68 ms, found 0 plugins.
Preloading 0 native plugins for Editor in 0.00 ms.
Mono: successfully reloaded assembly
- Completed reload, in  3.124 seconds
Platform modules already initialized, skipping
Registering precompiled user dll's ...
Registered in 0.001816 seconds.
Begin MonoManager ReloadAssembly
Native extension for WindowsStandalone target not found
Refreshing native plugins compatible for Editor in 0.78 ms, found 0 plugins.
Preloading 0 native plugins for Editor in 0.00 ms.
Mono: successfully reloaded assembly
- Completed reload, in  1.460 seconds
Platform modules already initialized, skipping
========================================================================
Worker process is ready to serve import requests
Launched and connected shader compiler UnityShaderCompiler.exe after 0.08 seconds
Refreshing native plugins compatible for Editor in 0.51 ms, found 0 plugins.
Preloading 0 native plugins for Editor in 0.00 ms.
Unloading 1367 Unused Serialized files (Serialized files now loaded: 0)
System memory in use before: 78.5 MB.
System memory in use after: 78.6 MB.

Unloading 9 unused Assets to reduce memory usage. Loaded Objects now: 1819.
Total: 3.654200 ms (FindLiveObjects: 0.338400 ms CreateObjectMapping: 0.097200 ms MarkObjects: 3.018700 ms  DeleteObjects: 0.197100 ms)

========================================================================
Received Import Request.
  path: Assets/AtomRocket/Prefab/AtomRocket.prefab
  artifactKey: Guid(6ace0503f5f5e6e44831975f9aeed05d) Importer(815301076,1909f56bfc062723c751e8b465ee728b)
Start importing Assets/AtomRocket/Prefab/AtomRocket.prefab using Guid(6ace0503f5f5e6e44831975f9aeed05d) Importer(815301076,1909f56bfc062723c751e8b465ee728b)  -> (artifact id: '3a91aac1967763b5548baf247d233c94') in 0.188301 seconds
  Import took 0.195826 seconds .

========================================================================
Received Import Request.
  Time since last request: 0.000448 seconds.
  path: Assets/AtomRocket
  artifactKey: Guid(dfe5b0b67c6e3464bb89aecd3e2328c3) Importer(815301076,1909f56bfc062723c751e8b465ee728b)
Start importing Assets/AtomRocket using Guid(dfe5b0b67c6e3464bb89aecd3e2328c3) Importer(815301076,1909f56bfc062723c751e8b465ee728b)  -> (artifact id: 'f44cd56ffc65d16ea363eb290debbe34') in 0.005127 seconds
  Import took 0.009915 seconds .

========================================================================
Received Import Request.
  Time since last request: 0.000345 seconds.
  path: Assets/AtomRocket/Prefab
  artifactKey: Guid(3c86eb1846132844facba3d2cd4705e2) Importer(815301076,1909f56bfc062723c751e8b465ee728b)
Start importing Assets/AtomRocket/Prefab using Guid(3c86eb1846132844facba3d2cd4705e2) Importer(815301076,1909f56bfc062723c751e8b465ee728b)  -> (artifact id: '03bac9cf67e89d6b8a5f2eb2b9b178f6') in 0.011197 seconds
  Import took 0.015566 seconds .

========================================================================
Received Prepare
Registering precompiled user dll's ...
Registered in 0.001338 seconds.
Begin MonoManager ReloadAssembly
Native extension for WindowsStandalone target not found
Refreshing native plugins compatible for Editor in 0.55 ms, found 0 plugins.
Preloading 0 native plugins for Editor in 0.00 ms.
Mono: successfully reloaded assembly
- Completed reload, in  2.407 seconds
Platform modules already initialized, skipping
Refreshing native plugins compatible for Editor in 0.68 ms, found 0 plugins.
Preloading 0 native plugins for Editor in 0.00 ms.
Unloading 1297 Unused Serialized files (Serialized files now loaded: 0)
System memory in use before: 75.2 MB.
System memory in use after: 75.3 MB.

Unloading 4 unused Assets to reduce memory usage. Loaded Objects now: 1829.
Total: 2.670500 ms (FindLiveObjects: 0.278700 ms CreateObjectMapping: 0.074000 ms MarkObjects: 2.296800 ms  DeleteObjects: 0.019400 ms)

========================================================================
Received Prepare
Registering precompiled user dll's ...
Registered in 0.001654 seconds.
Begin MonoManager ReloadAssembly
Native extension for WindowsStandalone target not found
Refreshing native plugins compatible for Editor in 0.56 ms, found 0 plugins.
Preloading 0 native plugins for Editor in 0.00 ms.
Mono: successfully reloaded assembly
- Completed reload, in  3.051 seconds
Platform modules already initialized, skipping
Refreshing native plugins compatible for Editor in 0.80 ms, found 0 plugins.
Preloading 0 native plugins for Editor in 0.00 ms.
Unloading 1297 Unused Serialized files (Serialized files now loaded: 0)
System memory in use before: 75.2 MB.
System memory in use after: 75.3 MB.

Unloading 4 unused Assets to reduce memory usage. Loaded Objects now: 1832.
Total: 3.652300 ms (FindLiveObjects: 0.312700 ms CreateObjectMapping: 0.070800 ms MarkObjects: 3.240800 ms  DeleteObjects: 0.026000 ms)

========================================================================
Received Prepare
Registering precompiled user dll's ...
Registered in 0.003589 seconds.
Begin MonoManager ReloadAssembly
Native extension for WindowsStandalone target not found
Refreshing native plugins compatible for Editor in 0.43 ms, found 0 plugins.
Preloading 0 native plugins for Editor in 0.00 ms.
Mono: successfully reloaded assembly
- Completed reload, in  1.904 seconds
Platform modules already initialized, skipping
Refreshing native plugins compatible for Editor in 0.55 ms, found 0 plugins.
Preloading 0 native plugins for Editor in 0.00 ms.
Unloading 1297 Unused Serialized files (Serialized files now loaded: 0)
System memory in use before: 75.2 MB.
System memory in use after: 75.3 MB.

Unloading 4 unused Assets to reduce memory usage. Loaded Objects now: 1835.
Total: 6.870100 ms (FindLiveObjects: 0.348500 ms CreateObjectMapping: 0.197200 ms MarkObjects: 6.293400 ms  DeleteObjects: 0.028400 ms)

========================================================================
Received Import Request.
  Time since last request: 193.457615 seconds.
  path: Assets/Fonts
  artifactKey: Guid(92ba52010551d514dbd0ffbaf02b6afe) Importer(815301076,1909f56bfc062723c751e8b465ee728b)
Start importing Assets/Fonts using Guid(92ba52010551d514dbd0ffbaf02b6afe) Importer(815301076,1909f56bfc062723c751e8b465ee728b)  -> (artifact id: '2884a9b679b8a08f5fb85c053b95e034') in 0.015137 seconds
  Import took 0.019022 seconds .

========================================================================
Received Import Request.
  Time since last request: 26.479588 seconds.
  path: Assets/Fonts/bebas.ttf
  artifactKey: Guid(71451cc4baff6d348a1a18fb976a9118) Importer(815301076,1909f56bfc062723c751e8b465ee728b)
Start importing Assets/Fonts/bebas.ttf using Guid(71451cc4baff6d348a1a18fb976a9118) Importer(815301076,1909f56bfc062723c751e8b465ee728b)  -> (artifact id: '470219e35ba554b13b2cc2861525dcb1') in 0.131861 seconds
  Import took 0.136414 seconds .

========================================================================
Received Import Request.
  Time since last request: 16.016271 seconds.
  path: Assets/Fonts/glitch.ttf
  artifactKey: Guid(bdde505efab7f1d479471cf401adb8cd) Importer(815301076,1909f56bfc062723c751e8b465ee728b)
Start importing Assets/Fonts/glitch.ttf using Guid(bdde505efab7f1d479471cf401adb8cd) Importer(815301076,1909f56bfc062723c751e8b465ee728b)  -> (artifact id: 'd77288de0b3d6888c7df808bfe90fc94') in 0.079597 seconds
  Import took 0.084258 seconds .

========================================================================
Received Import Request.
  Time since last request: 10.923568 seconds.
  path: Assets/Fonts/pokemongb.ttf
  artifactKey: Guid(be7c4ec4e4f2d7c4cbd11e8f48e9a7d0) Importer(815301076,1909f56bfc062723c751e8b465ee728b)
Start importing Assets/Fonts/pokemongb.ttf using Guid(be7c4ec4e4f2d7c4cbd11e8f48e9a7d0) Importer(815301076,1909f56bfc062723c751e8b465ee728b)  -> (artifact id: '11b523899c23c7ce6214b6da08cf13c6') in 0.067128 seconds
  Import took 0.072816 seconds .

========================================================================
Received Import Request.
  Time since last request: 5.340929 seconds.
  path: Assets/Fonts/regular.ttf
  artifactKey: Guid(d434eeb9cec7cd14ca9a533478bad989) Importer(815301076,1909f56bfc062723c751e8b465ee728b)
Start importing Assets/Fonts/regular.ttf using Guid(d434eeb9cec7cd14ca9a533478bad989) Importer(815301076,1909f56bfc062723c751e8b465ee728b)  -> (artifact id: 'fd18930d3f924103f3937a707871fb7a') in 0.037994 seconds
  Import took 0.042782 seconds .

========================================================================
Received Import Request.
  Time since last request: 0.005664 seconds.
  path: Assets/Fonts/regular.ttf
  artifactKey: Guid(d434eeb9cec7cd14ca9a533478bad989) Importer(815301076,1909f56bfc062723c751e8b465ee728b)
Start importing Assets/Fonts/regular.ttf using Guid(d434eeb9cec7cd14ca9a533478bad989) Importer(815301076,1909f56bfc062723c751e8b465ee728b)  -> (artifact id: 'fd18930d3f924103f3937a707871fb7a') in 0.027100 seconds
  Import took 0.033976 seconds .

========================================================================
Received Import Request.
  Time since last request: 32.313910 seconds.
  path: Assets/TextMesh Pro/Resources/Fonts & Materials/LiberationSans SDF - Drop Shadow.mat
  artifactKey: Guid(e73a58f6e2794ae7b1b7e50b7fb811b0) Importer(815301076,1909f56bfc062723c751e8b465ee728b)
Start importing Assets/TextMesh Pro/Resources/Fonts & Materials/LiberationSans SDF - Drop Shadow.mat using Guid(e73a58f6e2794ae7b1b7e50b7fb811b0) Importer(815301076,1909f56bfc062723c751e8b465ee728b)  -> (artifact id: 'e070219785fe5b1a31c34190742ac2f0') in 0.177276 seconds
  Import took 0.183589 seconds .

========================================================================
Received Import Request.
  Time since last request: 0.000248 seconds.
  path: Assets/TextMesh Pro/Resources/Fonts & Materials/LiberationSans SDF - Outline.mat
  artifactKey: Guid(79459efec17a4d00a321bdcc27bbc385) Importer(815301076,1909f56bfc062723c751e8b465ee728b)
Start importing Assets/TextMesh Pro/Resources/Fonts & Materials/LiberationSans SDF - Outline.mat using Guid(79459efec17a4d00a321bdcc27bbc385) Importer(815301076,1909f56bfc062723c751e8b465ee728b)  -> (artifact id: 'e17d75050bd84aaab5258140df79c8e1') in 0.093771 seconds
  Import took 0.097521 seconds .

========================================================================
Received Import Request.
  Time since last request: 0.000231 seconds.
  path: Assets/TextMesh Pro/Resources/Fonts & Materials/LiberationSans SDF - Fallback.asset
  artifactKey: Guid(2e498d1c8094910479dc3e1b768306a4) Importer(815301076,1909f56bfc062723c751e8b465ee728b)
Start importing Assets/TextMesh Pro/Resources/Fonts & Materials/LiberationSans SDF - Fallback.asset using Guid(2e498d1c8094910479dc3e1b768306a4) Importer(815301076,1909f56bfc062723c751e8b465ee728b)  -> (artifact id: '7befef33b47d53b3a5b6585acaead000') in 0.168875 seconds
  Import took 0.178657 seconds .

========================================================================
Received Import Request.
  Time since last request: 0.000492 seconds.
  path: Assets/TextMesh Pro/Resources/Fonts & Materials/LiberationSans SDF - Drop Shadow.mat
  artifactKey: Guid(e73a58f6e2794ae7b1b7e50b7fb811b0) Importer(815301076,1909f56bfc062723c751e8b465ee728b)
Start importing Assets/TextMesh Pro/Resources/Fonts & Materials/LiberationSans SDF - Drop Shadow.mat using Guid(e73a58f6e2794ae7b1b7e50b7fb811b0) Importer(815301076,1909f56bfc062723c751e8b465ee728b)  -> (artifact id: 'e070219785fe5b1a31c34190742ac2f0') in 0.114704 seconds
  Import took 0.124821 seconds .

========================================================================
Received Import Request.
  Time since last request: 0.000272 seconds.
  path: Assets/TextMesh Pro/Resources/Fonts & Materials/LiberationSans SDF - Fallback.asset
  artifactKey: Guid(2e498d1c8094910479dc3e1b768306a4) Importer(815301076,1909f56bfc062723c751e8b465ee728b)
Start importing Assets/TextMesh Pro/Resources/Fonts & Materials/LiberationSans SDF - Fallback.asset using Guid(2e498d1c8094910479dc3e1b768306a4) Importer(815301076,1909f56bfc062723c751e8b465ee728b)  -> (artifact id: '7befef33b47d53b3a5b6585acaead000') in 0.045750 seconds
  Import took 0.059795 seconds .

========================================================================
Received Import Request.
  Time since last request: 0.000174 seconds.
  path: Assets/TextMesh Pro/Resources/Fonts & Materials/LiberationSans SDF.asset
  artifactKey: Guid(8f586378b4e144a9851e7b34d9b748ee) Importer(815301076,1909f56bfc062723c751e8b465ee728b)
Start importing Assets/TextMesh Pro/Resources/Fonts & Materials/LiberationSans SDF.asset using Guid(8f586378b4e144a9851e7b34d9b748ee) Importer(815301076,1909f56bfc062723c751e8b465ee728b)  -> (artifact id: 'f6ac8bc84c5ea01543b63be3651ab6fa') in 0.317320 seconds
  Import took 0.334309 seconds .

========================================================================
Received Import Request.
  Time since last request: 0.014538 seconds.
  path: Assets/TextMesh Pro/Resources/Fonts & Materials/LiberationSans SDF.asset
  artifactKey: Guid(8f586378b4e144a9851e7b34d9b748ee) Importer(815301076,1909f56bfc062723c751e8b465ee728b)
Start importing Assets/TextMesh Pro/Resources/Fonts & Materials/LiberationSans SDF.asset using Guid(8f586378b4e144a9851e7b34d9b748ee) Importer(815301076,1909f56bfc062723c751e8b465ee728b)  -> (artifact id: 'f6ac8bc84c5ea01543b63be3651ab6fa') in 0.281639 seconds
  Import took 0.295243 seconds .

========================================================================
Received Import Request.
  Time since last request: 123.064839 seconds.
  path: Assets/Fonts/New GUISkin.guiskin
  artifactKey: Guid(001faf61017dd014093ef4518c3aac50) Importer(815301076,1909f56bfc062723c751e8b465ee728b)
Start importing Assets/Fonts/New GUISkin.guiskin using Guid(001faf61017dd014093ef4518c3aac50) Importer(815301076,1909f56bfc062723c751e8b465ee728b)  -> (artifact id: '6f448bafcfad2a157f52efb62b9aa3bf') in 0.281435 seconds
  Import took 0.321584 seconds .

========================================================================
Received Import Request.
  Time since last request: 11.318746 seconds.
  path: Assets/LowPolyEarth
  artifactKey: Guid(7230cc30b6f8c9e4ea5bb0a2b3372ebf) Importer(815301076,1909f56bfc062723c751e8b465ee728b)
Start importing Assets/LowPolyEarth using Guid(7230cc30b6f8c9e4ea5bb0a2b3372ebf) Importer(815301076,1909f56bfc062723c751e8b465ee728b)  -> (artifact id: '68fd303ad394c1a443bc245848b9e5d3') in 0.041172 seconds
  Import took 0.054651 seconds .

========================================================================
Received Import Request.
  Time since last request: 0.553186 seconds.
  path: Assets/LowPolyEarth/lowpoly_earth.fbx
  artifactKey: Guid(00d595aac3b77e347a084ad71e3b7f2d) Importer(815301076,1909f56bfc062723c751e8b465ee728b)
Start importing Assets/LowPolyEarth/lowpoly_earth.fbx using Guid(00d595aac3b77e347a084ad71e3b7f2d) Importer(815301076,1909f56bfc062723c751e8b465ee728b)  -> (artifact id: '8da5561a04e489001a43568e9d43019d') in 0.233309 seconds
  Import took 0.244429 seconds .

========================================================================
Received Import Request.
  Time since last request: 0.000255 seconds.
  path: Assets/LowPolyEarth/StarTexture.psd
  artifactKey: Guid(e5283497a0b8b0246a81813f16d35aea) Importer(815301076,1909f56bfc062723c751e8b465ee728b)
Start importing Assets/LowPolyEarth/StarTexture.psd using Guid(e5283497a0b8b0246a81813f16d35aea) Importer(815301076,1909f56bfc062723c751e8b465ee728b)  -> (artifact id: '833b05a2fe5d8f9683897ce1488deb78') in 0.066232 seconds
  Import took 0.083497 seconds .

========================================================================
Received Import Request.
  Time since last request: 0.000346 seconds.
  path: Assets/LowPolyEarth/lowpoly_earth.prefab
  artifactKey: Guid(1885272d02befb3429e46bfb5a828167) Importer(815301076,1909f56bfc062723c751e8b465ee728b)
Start importing Assets/LowPolyEarth/lowpoly_earth.prefab using Guid(1885272d02befb3429e46bfb5a828167) Importer(815301076,1909f56bfc062723c751e8b465ee728b)  -> (artifact id: '8eb3821afa4b1f078b18d96bd15dcf74') in 0.044479 seconds
  Import took 0.062297 seconds .

========================================================================
Received Import Request.
  Time since last request: 0.000530 seconds.
  path: Assets/LowPolyEarth/Material_Water.mat
  artifactKey: Guid(9ad627dc231083a48a41eccbee2a877a) Importer(815301076,1909f56bfc062723c751e8b465ee728b)
Start importing Assets/LowPolyEarth/Material_Water.mat using Guid(9ad627dc231083a48a41eccbee2a877a) Importer(815301076,1909f56bfc062723c751e8b465ee728b)  -> (artifact id: '93788e9dbdbdbc9e7ba72dd564b8bb77') in 0.045678 seconds
  Import took 0.051968 seconds .

========================================================================
Received Import Request.
  Time since last request: 0.000294 seconds.
  path: Assets/LowPolyEarth/Material_Star.mat
  artifactKey: Guid(fdead8bec53edac46afb738f6cf62e3b) Importer(815301076,1909f56bfc062723c751e8b465ee728b)
Start importing Assets/LowPolyEarth/Material_Star.mat using Guid(fdead8bec53edac46afb738f6cf62e3b) Importer(815301076,1909f56bfc062723c751e8b465ee728b)  -> (artifact id: '176e3f8a54b3221a1f718a234c378be9') in 0.125444 seconds
  Import took 0.133861 seconds .

========================================================================
Received Import Request.
  Time since last request: 0.000357 seconds.
  path: Assets/LowPolyEarth/Material_Earth.mat
  artifactKey: Guid(9a314f7db98c622419511903f3f24252) Importer(815301076,1909f56bfc062723c751e8b465ee728b)
Start importing Assets/LowPolyEarth/Material_Earth.mat using Guid(9a314f7db98c622419511903f3f24252) Importer(815301076,1909f56bfc062723c751e8b465ee728b)  -> (artifact id: '4d015a33a2fdc8a3de8f6873d512fe0e') in 0.073390 seconds
  Import took 0.081388 seconds .

========================================================================
Received Import Request.
  Time since last request: 134.835750 seconds.
  path: Assets/Planets/scene
  artifactKey: Guid(6ffc1b3c59d5d2d41b922c6e50a47c5d) Importer(815301076,1909f56bfc062723c751e8b465ee728b)
Start importing Assets/Planets/scene using Guid(6ffc1b3c59d5d2d41b922c6e50a47c5d) Importer(815301076,1909f56bfc062723c751e8b465ee728b)  -> (artifact id: 'b50f634b208da60a6b82b0d682a2e86b') in 0.037509 seconds
  Import took 0.065677 seconds .

========================================================================
Received Import Request.
  Time since last request: 4.723538 seconds.
  path: Assets/Planets/models/Materials
  artifactKey: Guid(4fcdf8229d19ca3469ba5d04be5d596c) Importer(815301076,1909f56bfc062723c751e8b465ee728b)
Start importing Assets/Planets/models/Materials using Guid(4fcdf8229d19ca3469ba5d04be5d596c) Importer(815301076,1909f56bfc062723c751e8b465ee728b)  -> (artifact id: 'a592bf33d2d6f9a501ac3f6a56488808') in 0.013024 seconds
  Import took 0.016528 seconds .

========================================================================
Received Import Request.
  Time since last request: 1.026937 seconds.
  path: Assets/Planets/models/Materials/Material #36.mat
  artifactKey: Guid(a5013d4e1bc772c47ad949aad8c73cd8) Importer(815301076,1909f56bfc062723c751e8b465ee728b)
Start importing Assets/Planets/models/Materials/Material #36.mat using Guid(a5013d4e1bc772c47ad949aad8c73cd8) Importer(815301076,1909f56bfc062723c751e8b465ee728b)  -> (artifact id: 'eb83b701d99dc07259d93548fd77ad9e') in 0.038120 seconds
  Import took 0.042548 seconds .

========================================================================
Received Prepare
Registering precompiled user dll's ...
Registered in 0.001250 seconds.
Begin MonoManager ReloadAssembly
Native extension for WindowsStandalone target not found
Refreshing native plugins compatible for Editor in 0.82 ms, found 0 plugins.
Preloading 0 native plugins for Editor in 0.00 ms.
Mono: successfully reloaded assembly
- Completed reload, in  2.145 seconds
Platform modules already initialized, skipping
Refreshing native plugins compatible for Editor in 3.44 ms, found 0 plugins.
Preloading 0 native plugins for Editor in 0.00 ms.
Unloading 1297 Unused Serialized files (Serialized files now loaded: 0)
System memory in use before: 75.8 MB.
System memory in use after: 75.9 MB.

Unloading 5 unused Assets to reduce memory usage. Loaded Objects now: 1883.
Total: 9.942200 ms (FindLiveObjects: 0.567300 ms CreateObjectMapping: 0.147400 ms MarkObjects: 9.065700 ms  DeleteObjects: 0.155100 ms)

========================================================================
Received Import Request.
  Time since last request: 111.829362 seconds.
  path: Assets/Stylized Astronaut/Character
  artifactKey: Guid(b97d8aed59d353443a81b6380f674cb9) Importer(815301076,1909f56bfc062723c751e8b465ee728b)
Start importing Assets/Stylized Astronaut/Character using Guid(b97d8aed59d353443a81b6380f674cb9) Importer(815301076,1909f56bfc062723c751e8b465ee728b)  -> (artifact id: '67cb21a478f50fbfebc2086f7bb2c571') in 0.040668 seconds
  Import took 0.047519 seconds .

========================================================================
Received Import Request.
  Time since last request: 0.003347 seconds.
  path: Assets/Stylized Astronaut/Character
  artifactKey: Guid(b97d8aed59d353443a81b6380f674cb9) Importer(815301076,1909f56bfc062723c751e8b465ee728b)
Start importing Assets/Stylized Astronaut/Character using Guid(b97d8aed59d353443a81b6380f674cb9) Importer(815301076,1909f56bfc062723c751e8b465ee728b)  -> (artifact id: '67cb21a478f50fbfebc2086f7bb2c571') in 0.012495 seconds
  Import took 0.024797 seconds .

========================================================================
Received Import Request.
  Time since last request: 3.582359 seconds.
  path: Assets/Stylized Astronaut/Character/Materials
  artifactKey: Guid(a2d2790b1403bb3458bc24af95485a9b) Importer(815301076,1909f56bfc062723c751e8b465ee728b)
Start importing Assets/Stylized Astronaut/Character/Materials using Guid(a2d2790b1403bb3458bc24af95485a9b) Importer(815301076,1909f56bfc062723c751e8b465ee728b)  -> (artifact id: '2a9686f8572da4aae98d4a4ac3fc2597') in 0.005306 seconds
  Import took 0.010867 seconds .

========================================================================
Received Import Request.
  Time since last request: 0.097944 seconds.
  path: Assets/Stylized Astronaut/Character/Materials/Grey_Mat.mat
  artifactKey: Guid(bd5105e1f39844b4daded70961d0174f) Importer(815301076,1909f56bfc062723c751e8b465ee728b)
Start importing Assets/Stylized Astronaut/Character/Materials/Grey_Mat.mat using Guid(bd5105e1f39844b4daded70961d0174f) Importer(815301076,1909f56bfc062723c751e8b465ee728b)  -> (artifact id: '3c53fae1b9b36015bb9305f2c1133799') in 0.084732 seconds
  Import took 0.087618 seconds .

========================================================================
Received Import Request.
  Time since last request: 0.000344 seconds.
  path: Assets/Stylized Astronaut/Character/Materials/Player_White.mat
  artifactKey: Guid(9f76070abfe5d414eb20f2c4fcde1419) Importer(815301076,1909f56bfc062723c751e8b465ee728b)
Start importing Assets/Stylized Astronaut/Character/Materials/Player_White.mat using Guid(9f76070abfe5d414eb20f2c4fcde1419) Importer(815301076,1909f56bfc062723c751e8b465ee728b)  -> (artifact id: '1bd3bb04fbb03dfd840b797ec4ca0afc') in 0.106293 seconds
  Import took 0.111775 seconds .

========================================================================
Received Import Request.
  Time since last request: 0.000234 seconds.
  path: Assets/Stylized Astronaut/Character/Materials/Yellow_Mat.mat
  artifactKey: Guid(d2c8f925eb40c4748811efdd803f25c6) Importer(815301076,1909f56bfc062723c751e8b465ee728b)
Start importing Assets/Stylized Astronaut/Character/Materials/Yellow_Mat.mat using Guid(d2c8f925eb40c4748811efdd803f25c6) Importer(815301076,1909f56bfc062723c751e8b465ee728b)  -> (artifact id: '7e39bc5da5e747c0c38bbb54a3cac65c') in 0.023464 seconds
  Import took 0.029047 seconds .

========================================================================
Received Import Request.
  Time since last request: 0.001035 seconds.
  path: Assets/Stylized Astronaut/Character/Materials/Player_Helm.mat
  artifactKey: Guid(4acac631b8d941d42b62eca2c8c394ac) Importer(815301076,1909f56bfc062723c751e8b465ee728b)
Start importing Assets/Stylized Astronaut/Character/Materials/Player_Helm.mat using Guid(4acac631b8d941d42b62eca2c8c394ac) Importer(815301076,1909f56bfc062723c751e8b465ee728b)  -> (artifact id: 'e3e3fb0c4e1e5d718728f60c9cb39434') in 0.054893 seconds
  Import took 0.062484 seconds .

========================================================================
Received Import Request.
  Time since last request: 0.000688 seconds.
  path: Assets/Stylized Astronaut/Character/Materials/Player_Grey.mat
  artifactKey: Guid(fb146a225374eb84894c04defd31bc36) Importer(815301076,1909f56bfc062723c751e8b465ee728b)
Start importing Assets/Stylized Astronaut/Character/Materials/Player_Grey.mat using Guid(fb146a225374eb84894c04defd31bc36) Importer(815301076,1909f56bfc062723c751e8b465ee728b)  -> (artifact id: '68f7e10c57610efc40c4b1dff8ce0263') in 0.057978 seconds
  Import took 0.071246 seconds .

========================================================================
Received Import Request.
  Time since last request: 0.000610 seconds.
  path: Assets/Stylized Astronaut/Character/Materials/White_Mat.mat
  artifactKey: Guid(06eb4e637b7ef614e9265f48c542664b) Importer(815301076,1909f56bfc062723c751e8b465ee728b)
Start importing Assets/Stylized Astronaut/Character/Materials/White_Mat.mat using Guid(06eb4e637b7ef614e9265f48c542664b) Importer(815301076,1909f56bfc062723c751e8b465ee728b)  -> (artifact id: 'a62775cfd27bda5d58dfeeb240dcd6ff') in 0.053972 seconds
  Import took 0.062130 seconds .

========================================================================
Received Import Request.
  Time since last request: 0.000481 seconds.
  path: Assets/Stylized Astronaut/Character/Materials/Player_Grey.mat
  artifactKey: Guid(fb146a225374eb84894c04defd31bc36) Importer(815301076,1909f56bfc062723c751e8b465ee728b)
Start importing Assets/Stylized Astronaut/Character/Materials/Player_Grey.mat using Guid(fb146a225374eb84894c04defd31bc36) Importer(815301076,1909f56bfc062723c751e8b465ee728b)  -> (artifact id: '68f7e10c57610efc40c4b1dff8ce0263') in 0.040136 seconds
  Import took 0.047848 seconds .

========================================================================
Received Prepare
Registering precompiled user dll's ...
Registered in 0.001013 seconds.
Begin MonoManager ReloadAssembly
Native extension for WindowsStandalone target not found
Refreshing native plugins compatible for Editor in 0.43 ms, found 0 plugins.
Preloading 0 native plugins for Editor in 0.00 ms.
Mono: successfully reloaded assembly
- Completed reload, in  1.417 seconds
Platform modules already initialized, skipping
Refreshing native plugins compatible for Editor in 0.43 ms, found 0 plugins.
Preloading 0 native plugins for Editor in 0.00 ms.
Unloading 1297 Unused Serialized files (Serialized files now loaded: 0)
System memory in use before: 75.8 MB.
System memory in use after: 75.9 MB.

Unloading 4 unused Assets to reduce memory usage. Loaded Objects now: 1887.
Total: 4.173100 ms (FindLiveObjects: 0.956000 ms CreateObjectMapping: 0.341500 ms MarkObjects: 2.846300 ms  DeleteObjects: 0.025400 ms)

========================================================================
Received Import Request.
  Time since last request: 185.910342 seconds.
  path: Assets/Img/Title/FinalLogo 1.png
  artifactKey: Guid(d9d7604eb849b384298032d43bb3c1f2) Importer(815301076,1909f56bfc062723c751e8b465ee728b)
Start importing Assets/Img/Title/FinalLogo 1.png using Guid(d9d7604eb849b384298032d43bb3c1f2) Importer(815301076,1909f56bfc062723c751e8b465ee728b)  -> (artifact id: '5e4bbadd8b2d5ea2fbb6101a9066e9a8') in 0.104042 seconds
  Import took 0.110571 seconds .

========================================================================
Received Import Request.
  Time since last request: 12.441816 seconds.
  path: Assets/Img/Title/LAUNCHEDWHITEFINAL.png
  artifactKey: Guid(f9a9546a63cbc4943802193793ecdc19) Importer(815301076,1909f56bfc062723c751e8b465ee728b)
Start importing Assets/Img/Title/LAUNCHEDWHITEFINAL.png using Guid(f9a9546a63cbc4943802193793ecdc19) Importer(815301076,1909f56bfc062723c751e8b465ee728b)  -> (artifact id: '894adfaea8738f23caa9934b2057cfa3') in 0.029323 seconds
  Import took 0.035909 seconds .

========================================================================
Received Prepare
Registering precompiled user dll's ...
Registered in 0.001238 seconds.
Begin MonoManager ReloadAssembly
Native extension for WindowsStandalone target not found
Refreshing native plugins compatible for Editor in 0.50 ms, found 0 plugins.
Preloading 0 native plugins for Editor in 0.00 ms.
Mono: successfully reloaded assembly
- Completed reload, in  1.584 seconds
Platform modules already initialized, skipping
Refreshing native plugins compatible for Editor in 0.55 ms, found 0 plugins.
Preloading 0 native plugins for Editor in 0.00 ms.
Unloading 1297 Unused Serialized files (Serialized files now loaded: 0)
System memory in use before: 75.9 MB.
System memory in use after: 76.0 MB.

Unloading 4 unused Assets to reduce memory usage. Loaded Objects now: 1891.
Total: 2.962100 ms (FindLiveObjects: 0.276400 ms CreateObjectMapping: 0.091600 ms MarkObjects: 2.569800 ms  DeleteObjects: 0.021900 ms)

========================================================================
Received Prepare
Registering precompiled user dll's ...
Registered in 0.004332 seconds.
Begin MonoManager ReloadAssembly
Native extension for WindowsStandalone target not found
Refreshing native plugins compatible for Editor in 1.07 ms, found 0 plugins.
Preloading 0 native plugins for Editor in 0.00 ms.
Mono: successfully reloaded assembly
- Completed reload, in  1.468 seconds
Platform modules already initialized, skipping
Refreshing native plugins compatible for Editor in 0.47 ms, found 0 plugins.
Preloading 0 native plugins for Editor in 0.00 ms.
Unloading 1297 Unused Serialized files (Serialized files now loaded: 0)
System memory in use before: 75.9 MB.
System memory in use after: 76.0 MB.

Unloading 4 unused Assets to reduce memory usage. Loaded Objects now: 1894.
Total: 4.947900 ms (FindLiveObjects: 0.357900 ms CreateObjectMapping: 0.155800 ms MarkObjects: 4.404000 ms  DeleteObjects: 0.028000 ms)

========================================================================
Received Prepare
Registering precompiled user dll's ...
Registered in 0.000738 seconds.
Begin MonoManager ReloadAssembly
Native extension for WindowsStandalone target not found
Refreshing native plugins compatible for Editor in 0.39 ms, found 0 plugins.
Preloading 0 native plugins for Editor in 0.00 ms.
Mono: successfully reloaded assembly
- Completed reload, in  0.904 seconds
Platform modules already initialized, skipping
Refreshing native plugins compatible for Editor in 0.36 ms, found 0 plugins.
Preloading 0 native plugins for Editor in 0.00 ms.
Unloading 1297 Unused Serialized files (Serialized files now loaded: 0)
System memory in use before: 75.9 MB.
System memory in use after: 76.0 MB.

Unloading 4 unused Assets to reduce memory usage. Loaded Objects now: 1897.
Total: 6.295300 ms (FindLiveObjects: 0.492400 ms CreateObjectMapping: 0.167100 ms MarkObjects: 5.573800 ms  DeleteObjects: 0.057900 ms)

========================================================================
Received Import Request.
  Time since last request: 991.746763 seconds.
  path: Assets/PropPhyics.cs
  artifactKey: Guid(75c9ca446536d8949949d1bac8fc8d44) Importer(815301076,1909f56bfc062723c751e8b465ee728b)
Start importing Assets/PropPhyics.cs using Guid(75c9ca446536d8949949d1bac8fc8d44) Importer(815301076,1909f56bfc062723c751e8b465ee728b)  -> (artifact id: 'fbfa5384579ac25e3757bb951cc957d7') in 0.028491 seconds
  Import took 0.032196 seconds .

========================================================================
Received Import Request.
  Time since last request: 0.010004 seconds.
  path: Assets/PropPhyics.cs
  artifactKey: Guid(75c9ca446536d8949949d1bac8fc8d44) Importer(815301076,1909f56bfc062723c751e8b465ee728b)
Start importing Assets/PropPhyics.cs using Guid(75c9ca446536d8949949d1bac8fc8d44) Importer(815301076,1909f56bfc062723c751e8b465ee728b)  -> (artifact id: 'fbfa5384579ac25e3757bb951cc957d7') in 0.007097 seconds
  Import took 0.012923 seconds .

========================================================================
Received Prepare
Registering precompiled user dll's ...
Registered in 0.000928 seconds.
Begin MonoManager ReloadAssembly
Native extension for WindowsStandalone target not found
Refreshing native plugins compatible for Editor in 0.49 ms, found 0 plugins.
Preloading 0 native plugins for Editor in 0.00 ms.
Mono: successfully reloaded assembly
- Completed reload, in  1.018 seconds
Platform modules already initialized, skipping
Refreshing native plugins compatible for Editor in 0.56 ms, found 0 plugins.
Preloading 0 native plugins for Editor in 0.00 ms.
Unloading 1298 Unused Serialized files (Serialized files now loaded: 0)
System memory in use before: 75.9 MB.
System memory in use after: 76.0 MB.

Unloading 4 unused Assets to reduce memory usage. Loaded Objects now: 1901.
Total: 2.292000 ms (FindLiveObjects: 0.195300 ms CreateObjectMapping: 0.073500 ms MarkObjects: 1.996000 ms  DeleteObjects: 0.025900 ms)

========================================================================
Received Prepare
Registering precompiled user dll's ...
Registered in 0.001447 seconds.
Begin MonoManager ReloadAssembly
Native extension for WindowsStandalone target not found
Refreshing native plugins compatible for Editor in 0.40 ms, found 0 plugins.
Preloading 0 native plugins for Editor in 0.00 ms.
Mono: successfully reloaded assembly
- Completed reload, in  0.915 seconds
Platform modules already initialized, skipping
Refreshing native plugins compatible for Editor in 0.53 ms, found 0 plugins.
Preloading 0 native plugins for Editor in 0.00 ms.
Unloading 1298 Unused Serialized files (Serialized files now loaded: 0)
System memory in use before: 75.9 MB.
System memory in use after: 76.0 MB.

Unloading 4 unused Assets to reduce memory usage. Loaded Objects now: 1904.
Total: 3.677000 ms (FindLiveObjects: 0.265200 ms CreateObjectMapping: 0.102100 ms MarkObjects: 3.259400 ms  DeleteObjects: 0.048100 ms)

========================================================================
Received Import Request.
  Time since last request: 65.698169 seconds.
  path: Assets/PropPhyics.cs
  artifactKey: Guid(75c9ca446536d8949949d1bac8fc8d44) Importer(815301076,1909f56bfc062723c751e8b465ee728b)
Start importing Assets/PropPhyics.cs using Guid(75c9ca446536d8949949d1bac8fc8d44) Importer(815301076,1909f56bfc062723c751e8b465ee728b)  -> (artifact id: '6f819c537abd39ca0cbbee6cbefa27c7') in 0.013609 seconds
  Import took 0.019791 seconds .

========================================================================
Received Import Request.
  Time since last request: 17.375190 seconds.
  path: Assets/Water
  artifactKey: Guid(8fa1b3a1c9a8bca478a64338e64ad77d) Importer(815301076,1909f56bfc062723c751e8b465ee728b)
Start importing Assets/Water using Guid(8fa1b3a1c9a8bca478a64338e64ad77d) Importer(815301076,1909f56bfc062723c751e8b465ee728b)  -> (artifact id: '28c7fc7f5f6254a8db0987239e0366dc') in 0.015868 seconds
  Import took 0.020893 seconds .

========================================================================
Received Prepare
Registering precompiled user dll's ...
Registered in 0.000902 seconds.
Begin MonoManager ReloadAssembly
Native extension for WindowsStandalone target not found
Refreshing native plugins compatible for Editor in 0.59 ms, found 0 plugins.
Preloading 0 native plugins for Editor in 0.00 ms.
Mono: successfully reloaded assembly
- Completed reload, in  1.239 seconds
Platform modules already initialized, skipping
Refreshing native plugins compatible for Editor in 0.46 ms, found 0 plugins.
Preloading 0 native plugins for Editor in 0.00 ms.
Unloading 1298 Unused Serialized files (Serialized files now loaded: 0)
System memory in use before: 75.9 MB.
System memory in use after: 76.0 MB.

Unloading 4 unused Assets to reduce memory usage. Loaded Objects now: 1907.
Total: 2.129600 ms (FindLiveObjects: 0.219000 ms CreateObjectMapping: 0.075400 ms MarkObjects: 1.820400 ms  DeleteObjects: 0.014000 ms)

========================================================================
Received Import Request.
  Time since last request: 5.791468 seconds.
  path: Assets/TextMesh Pro
  artifactKey: Guid(f54d1bd14bd3ca042bd867b519fee8cc) Importer(815301076,1909f56bfc062723c751e8b465ee728b)
Start importing Assets/TextMesh Pro using Guid(f54d1bd14bd3ca042bd867b519fee8cc) Importer(815301076,1909f56bfc062723c751e8b465ee728b)  -> (artifact id: '848a6be426deb7a1866c2e2c59583138') in 0.015494 seconds
  Import took 0.020791 seconds .

========================================================================
Received Import Request.
  Time since last request: 16.439912 seconds.
  path: Assets/Island
  artifactKey: Guid(8fa1b3a1c9a8bca478a64338e64ad77d) Importer(815301076,1909f56bfc062723c751e8b465ee728b)
Start importing Assets/Island using Guid(8fa1b3a1c9a8bca478a64338e64ad77d) Importer(815301076,1909f56bfc062723c751e8b465ee728b)  -> (artifact id: 'cc0c119d50c12577c8a5cec9080cc6c3') in 0.014993 seconds
  Import took 0.021632 seconds .

========================================================================
Received Prepare
Registering precompiled user dll's ...
Registered in 0.001267 seconds.
Begin MonoManager ReloadAssembly
Native extension for WindowsStandalone target not found
Refreshing native plugins compatible for Editor in 0.43 ms, found 0 plugins.
Preloading 0 native plugins for Editor in 0.00 ms.
Mono: successfully reloaded assembly
- Completed reload, in  1.212 seconds
Platform modules already initialized, skipping
Refreshing native plugins compatible for Editor in 0.44 ms, found 0 plugins.
Preloading 0 native plugins for Editor in 0.00 ms.
Unloading 1298 Unused Serialized files (Serialized files now loaded: 0)
System memory in use before: 75.9 MB.
System memory in use after: 76.0 MB.

Unloading 4 unused Assets to reduce memory usage. Loaded Objects now: 1910.
Total: 2.416300 ms (FindLiveObjects: 0.211100 ms CreateObjectMapping: 0.083300 ms MarkObjects: 2.104900 ms  DeleteObjects: 0.015800 ms)

========================================================================
Received Import Request.
  Time since last request: 18.700568 seconds.
  path: Assets/Low Poly Assets
  artifactKey: Guid(a327e761e9c81e44086119aad7371f36) Importer(815301076,1909f56bfc062723c751e8b465ee728b)
Start importing Assets/Low Poly Assets using Guid(a327e761e9c81e44086119aad7371f36) Importer(815301076,1909f56bfc062723c751e8b465ee728b)  -> (artifact id: '318cb10988490ca78c17e2fb11a19443') in 0.018697 seconds
  Import took 0.024384 seconds .

========================================================================
Received Import Request.
  Time since last request: 110.002045 seconds.
  path: Assets/MenuScript.cs
  artifactKey: Guid(a7fdcdfb737f09444824ed9110fba83b) Importer(815301076,1909f56bfc062723c751e8b465ee728b)
Start importing Assets/MenuScript.cs using Guid(a7fdcdfb737f09444824ed9110fba83b) Importer(815301076,1909f56bfc062723c751e8b465ee728b)  -> (artifact id: '9b4743a20149b96ff30f86cc4d567ad8') in 0.013631 seconds
  Import took 0.016875 seconds .

========================================================================
Received Import Request.
  Time since last request: 0.004255 seconds.
  path: Assets/MenuScript.cs
  artifactKey: Guid(a7fdcdfb737f09444824ed9110fba83b) Importer(815301076,1909f56bfc062723c751e8b465ee728b)
Start importing Assets/MenuScript.cs using Guid(a7fdcdfb737f09444824ed9110fba83b) Importer(815301076,1909f56bfc062723c751e8b465ee728b)  -> (artifact id: '9b4743a20149b96ff30f86cc4d567ad8') in 0.003774 seconds
  Import took 0.007480 seconds .

========================================================================
Received Import Request.
  Time since last request: 2.773853 seconds.
  path: Assets/EnemyPhysics.cs
  artifactKey: Guid(4c92c64962d5b774abce45ac032d1f1f) Importer(815301076,1909f56bfc062723c751e8b465ee728b)
Start importing Assets/EnemyPhysics.cs using Guid(4c92c64962d5b774abce45ac032d1f1f) Importer(815301076,1909f56bfc062723c751e8b465ee728b)  -> (artifact id: '5c345eb1ee1b61fb066475078903bd6d') in 0.010625 seconds
  Import took 0.015164 seconds .

========================================================================
Received Prepare
Registering precompiled user dll's ...
Registered in 0.001161 seconds.
Begin MonoManager ReloadAssembly
Native extension for WindowsStandalone target not found
Refreshing native plugins compatible for Editor in 0.36 ms, found 0 plugins.
Preloading 0 native plugins for Editor in 0.00 ms.
Mono: successfully reloaded assembly
- Completed reload, in  0.929 seconds
Platform modules already initialized, skipping
Refreshing native plugins compatible for Editor in 0.37 ms, found 0 plugins.
Preloading 0 native plugins for Editor in 0.00 ms.
Unloading 1298 Unused Serialized files (Serialized files now loaded: 0)
System memory in use before: 75.9 MB.
System memory in use after: 76.0 MB.

Unloading 4 unused Assets to reduce memory usage. Loaded Objects now: 1913.
Total: 1.768700 ms (FindLiveObjects: 0.158700 ms CreateObjectMapping: 0.047700 ms MarkObjects: 1.547000 ms  DeleteObjects: 0.013900 ms)

========================================================================
Received Import Request.
  Time since last request: 67.050010 seconds.
  path: Assets/PropPhyics.cs
  artifactKey: Guid(75c9ca446536d8949949d1bac8fc8d44) Importer(815301076,1909f56bfc062723c751e8b465ee728b)
Start importing Assets/PropPhyics.cs using Guid(75c9ca446536d8949949d1bac8fc8d44) Importer(815301076,1909f56bfc062723c751e8b465ee728b)  -> (artifact id: '21293962ee3155029f00e0b778628c6a') in 0.004948 seconds
  Import took 0.007776 seconds .

========================================================================
Received Prepare
Registering precompiled user dll's ...
Registered in 0.001488 seconds.
Begin MonoManager ReloadAssembly
Native extension for WindowsStandalone target not found
Refreshing native plugins compatible for Editor in 0.51 ms, found 0 plugins.
Preloading 0 native plugins for Editor in 0.00 ms.
Mono: successfully reloaded assembly
- Completed reload, in  0.995 seconds
Platform modules already initialized, skipping
Refreshing native plugins compatible for Editor in 0.34 ms, found 0 plugins.
Preloading 0 native plugins for Editor in 0.00 ms.
Unloading 1298 Unused Serialized files (Serialized files now loaded: 0)
System memory in use before: 75.9 MB.
System memory in use after: 76.0 MB.

Unloading 4 unused Assets to reduce memory usage. Loaded Objects now: 1916.
Total: 2.288700 ms (FindLiveObjects: 0.194800 ms CreateObjectMapping: 0.064500 ms MarkObjects: 2.010700 ms  DeleteObjects: 0.017300 ms)

========================================================================
Received Prepare
Registering precompiled user dll's ...
Registered in 0.000885 seconds.
Begin MonoManager ReloadAssembly
Native extension for WindowsStandalone target not found
Refreshing native plugins compatible for Editor in 0.56 ms, found 0 plugins.
Preloading 0 native plugins for Editor in 0.00 ms.
Mono: successfully reloaded assembly
- Completed reload, in  0.910 seconds
Platform modules already initialized, skipping
Refreshing native plugins compatible for Editor in 0.39 ms, found 0 plugins.
Preloading 0 native plugins for Editor in 0.00 ms.
Unloading 1298 Unused Serialized files (Serialized files now loaded: 0)
System memory in use before: 75.9 MB.
System memory in use after: 76.0 MB.

Unloading 4 unused Assets to reduce memory usage. Loaded Objects now: 1919.
Total: 2.132700 ms (FindLiveObjects: 0.160400 ms CreateObjectMapping: 0.045300 ms MarkObjects: 1.909700 ms  DeleteObjects: 0.016100 ms)

========================================================================
Received Prepare
Registering precompiled user dll's ...
Registered in 0.003489 seconds.
Begin MonoManager ReloadAssembly
Native extension for WindowsStandalone target not found
Refreshing native plugins compatible for Editor in 0.73 ms, found 0 plugins.
Preloading 0 native plugins for Editor in 0.00 ms.
Mono: successfully reloaded assembly
- Completed reload, in  1.772 seconds
Platform modules already initialized, skipping
Refreshing native plugins compatible for Editor in 0.45 ms, found 0 plugins.
Preloading 0 native plugins for Editor in 0.00 ms.
Unloading 1298 Unused Serialized files (Serialized files now loaded: 0)
System memory in use before: 75.9 MB.
System memory in use after: 76.1 MB.

Unloading 4 unused Assets to reduce memory usage. Loaded Objects now: 1922.
Total: 2.655300 ms (FindLiveObjects: 0.259700 ms CreateObjectMapping: 0.061900 ms MarkObjects: 2.304800 ms  DeleteObjects: 0.026700 ms)

AssetImportWorkerClient::OnTransportError - code=2 error=End of file
